<?xml version="1.0" encoding="UTF-8"?>
<!-- Generated by org.testng.reporters.JUnitReportReporter -->
<testsuite hostname="DESKTOP-PHGH8V4" name="com.rbs1.TestRunner" tests="2" failures="0" timestamp="28 Jan 2019 19:26:16 GMT" time="64.145" errors="0">
  <testcase name="feature" time="41.424" classname="com.rbs1.TestRunner"/>
  <testcase name="feature" time="22.721" classname="com.rbs1.TestRunner"/>
</testsuite> <!-- com.rbs1.TestRunner -->
